TN:
SF:/Users/n22917/workspace/KUR/doublecache-as-promised/src/index.js
FN:71,(anonymous_3)
FN:72,(anonymous_4)
FN:76,(anonymous_5)
FN:77,(anonymous_6)
FN:77,(anonymous_7)
FN:87,(anonymous_8)
FN:102,(anonymous_9)
FN:104,(anonymous_10)
FN:110,(anonymous_11)
FN:116,(anonymous_12)
FN:134,(anonymous_13)
FN:146,(anonymous_14)
FN:160,(anonymous_15)
FN:162,(anonymous_16)
FN:180,(anonymous_17)
FN:201,(anonymous_18)
FN:202,(anonymous_19)
FN:205,(anonymous_20)
FN:206,(anonymous_21)
FN:214,(anonymous_22)
FN:225,(anonymous_23)
FN:229,(anonymous_24)
FN:248,(anonymous_25)
FN:250,(anonymous_26)
FN:254,(anonymous_27)
FN:258,(anonymous_28)
FNF:26
FNH:26
FNDA:29,(anonymous_3)
FNDA:3,(anonymous_4)
FNDA:8,(anonymous_5)
FNDA:6,(anonymous_6)
FNDA:6,(anonymous_7)
FNDA:57,(anonymous_8)
FNDA:19,(anonymous_9)
FNDA:9,(anonymous_10)
FNDA:9,(anonymous_11)
FNDA:9,(anonymous_12)
FNDA:28,(anonymous_13)
FNDA:20,(anonymous_14)
FNDA:10,(anonymous_15)
FNDA:9,(anonymous_16)
FNDA:28,(anonymous_17)
FNDA:3,(anonymous_18)
FNDA:4,(anonymous_19)
FNDA:10,(anonymous_20)
FNDA:6,(anonymous_21)
FNDA:3,(anonymous_22)
FNDA:30,(anonymous_23)
FNDA:47,(anonymous_24)
FNDA:13,(anonymous_25)
FNDA:40,(anonymous_26)
FNDA:11,(anonymous_27)
FNDA:5,(anonymous_28)
DA:5,1
DA:6,1
DA:16,1
DA:19,1
DA:22,1
DA:23,1
DA:25,1
DA:26,1
DA:28,1
DA:29,1
DA:30,1
DA:32,1
DA:34,1
DA:35,1
DA:36,1
DA:63,34
DA:65,34
DA:66,34
DA:67,34
DA:68,34
DA:72,29
DA:76,34
DA:77,34
DA:87,34
DA:88,57
DA:102,34
DA:103,19
DA:104,18
DA:106,9
DA:107,9
DA:108,9
DA:110,18
DA:112,9
DA:113,9
DA:114,9
DA:116,18
DA:117,9
DA:119,18
DA:120,18
DA:134,34
DA:135,28
DA:136,28
DA:137,3
DA:138,25
DA:139,2
DA:140,23
DA:141,1
DA:142,22
DA:143,2
DA:146,20
DA:147,20
DA:148,20
DA:149,20
DA:150,19
DA:151,19
DA:158,18
DA:160,19
DA:161,10
DA:164,9
DA:180,34
DA:185,28
DA:186,28
DA:201,34
DA:202,3
DA:203,4
DA:204,4
DA:205,10
DA:207,6
DA:208,6
DA:209,6
DA:214,34
DA:215,3
DA:225,34
DA:226,30
DA:229,34
DA:230,47
DA:246,34
DA:248,34
DA:249,13
DA:250,13
DA:252,40
DA:254,40
DA:256,11
DA:260,5
DA:267,34
LF:85
LH:85
BRDA:59,0,0,14
BRDA:60,1,0,10
BRDA:61,2,0,30
BRDA:62,3,0,34
BRDA:77,4,0,6
BRDA:77,4,1,6
BRDA:87,5,0,42
BRDA:136,6,0,3
BRDA:136,6,1,25
BRDA:136,7,0,28
BRDA:136,7,1,18
BRDA:136,7,2,3
BRDA:138,8,0,2
BRDA:138,8,1,23
BRDA:138,9,0,25
BRDA:138,9,1,15
BRDA:138,9,2,15
BRDA:140,10,0,1
BRDA:140,10,1,22
BRDA:140,11,0,23
BRDA:140,11,1,10
BRDA:142,12,0,2
BRDA:142,12,1,20
BRDA:149,13,0,19
BRDA:149,13,1,1
BRDA:164,14,0,6
BRDA:164,14,1,3
BRDA:180,15,0,1
BRDA:182,16,0,26
BRDA:183,17,0,23
BRDA:184,18,0,16
BRDA:214,19,0,0
BRF:32
BRH:31
end_of_record
TN:
SF:/Users/n22917/workspace/KUR/doublecache-as-promised/src/dist-expire/index.js
FN:28,(anonymous_4)
FN:46,(anonymous_5)
FN:47,(anonymous_6)
FN:61,(anonymous_7)
FN:71,(anonymous_8)
FNF:5
FNH:5
FNDA:2,(anonymous_4)
FNDA:6,(anonymous_5)
FNDA:2,(anonymous_6)
FNDA:1,(anonymous_7)
FNDA:1,(anonymous_8)
DA:4,1
DA:6,1
DA:19,6
DA:20,6
DA:28,6
DA:29,2
DA:30,2
DA:31,1
DA:32,1
DA:33,1
DA:36,1
DA:46,6
DA:47,6
DA:48,2
DA:49,1
DA:51,1
DA:53,6
DA:61,6
DA:62,1
DA:68,1
DA:71,6
DA:72,1
DA:75,6
DA:77,6
LF:24
LH:24
BRDA:31,0,0,1
BRDA:31,0,1,0
BRDA:48,1,0,1
BRDA:48,1,1,1
BRF:4
BRH:3
end_of_record
TN:
SF:/Users/n22917/workspace/KUR/doublecache-as-promised/src/persistence/index.js
FN:35,(anonymous_4)
FN:37,(anonymous_5)
FN:45,(anonymous_6)
FN:59,(anonymous_7)
FN:62,(anonymous_8)
FN:63,(anonymous_9)
FN:71,(anonymous_10)
FN:75,(anonymous_11)
FN:76,(anonymous_12)
FN:78,(anonymous_13)
FN:85,(anonymous_14)
FNF:11
FNH:11
FNDA:3,(anonymous_4)
FNDA:3,(anonymous_5)
FNDA:2,(anonymous_6)
FNDA:3,(anonymous_7)
FNDA:3,(anonymous_8)
FNDA:3,(anonymous_9)
FNDA:1,(anonymous_10)
FNDA:2,(anonymous_11)
FNDA:1,(anonymous_12)
FNDA:1,(anonymous_13)
FNDA:5,(anonymous_14)
DA:4,1
DA:11,1
DA:13,1
DA:31,7
DA:32,7
DA:33,7
DA:35,7
DA:36,3
DA:37,3
DA:38,3
DA:39,3
DA:40,3
DA:41,2
DA:42,2
DA:43,2
DA:44,2
DA:45,2
DA:46,2
DA:47,1
DA:49,2
DA:52,1
DA:55,3
DA:59,7
DA:60,3
DA:61,3
DA:63,3
DA:64,3
DA:65,3
DA:67,3
DA:71,7
DA:72,1
DA:75,7
DA:76,2
DA:77,1
DA:79,1
DA:83,7
DA:85,7
DA:86,5
DA:89,7
DA:90,3
DA:93,7
LF:41
LH:41
BRDA:29,0,0,0
BRDA:25,1,0,2
BRDA:26,2,0,2
BRDA:27,3,0,2
BRDA:28,4,0,3
BRDA:39,5,0,3
BRDA:39,5,1,0
BRDA:40,6,0,2
BRDA:40,6,1,1
BRDA:40,7,0,3
BRDA:40,7,1,3
BRDA:40,7,2,2
BRDA:40,7,3,2
BRDA:46,8,0,1
BRDA:46,8,1,1
BRDA:89,9,0,3
BRDA:89,9,1,4
BRF:17
BRH:15
end_of_record
TN:
SF:/Users/n22917/workspace/KUR/doublecache-as-promised/src/persistence/persistence-helpers.js
FN:14,(anonymous_1)
FN:18,(anonymous_2)
FN:22,(anonymous_3)
FN:23,(anonymous_4)
FN:24,(anonymous_5)
FN:34,(anonymous_6)
FN:41,(anonymous_7)
FN:42,(anonymous_8)
FN:48,(anonymous_9)
FN:59,(anonymous_10)
FN:60,(anonymous_11)
FN:67,(anonymous_12)
FN:69,(anonymous_13)
FN:74,(anonymous_14)
FN:77,(anonymous_15)
FN:80,(anonymous_16)
FN:86,(anonymous_17)
FN:88,(anonymous_18)
FN:95,(anonymous_19)
FNF:19
FNH:19
FNDA:4,(anonymous_1)
FNDA:7,(anonymous_2)
FNDA:4,(anonymous_3)
FNDA:4,(anonymous_4)
FNDA:4,(anonymous_5)
FNDA:5,(anonymous_6)
FNDA:4,(anonymous_7)
FNDA:4,(anonymous_8)
FNDA:6,(anonymous_9)
FNDA:4,(anonymous_10)
FNDA:4,(anonymous_11)
FNDA:2,(anonymous_12)
FNDA:2,(anonymous_13)
FNDA:1,(anonymous_14)
FNDA:1,(anonymous_15)
FNDA:1,(anonymous_16)
FNDA:2,(anonymous_17)
FNDA:1,(anonymous_18)
FNDA:19,(anonymous_19)
DA:4,1
DA:5,1
DA:6,1
DA:7,1
DA:8,1
DA:9,1
DA:10,1
DA:12,1
DA:14,1
DA:15,4
DA:18,1
DA:19,7
DA:22,1
DA:23,4
DA:24,4
DA:25,4
DA:26,2
DA:27,2
DA:29,2
DA:34,1
DA:35,5
DA:36,1
DA:38,4
DA:39,4
DA:40,4
DA:41,4
DA:42,4
DA:43,4
DA:44,1
DA:45,1
DA:46,1
DA:48,3
DA:49,6
DA:50,6
DA:52,1
DA:54,6
DA:59,4
DA:60,4
DA:61,4
DA:62,4
DA:67,1
DA:68,2
DA:69,2
DA:70,2
DA:74,2
DA:75,1
DA:77,2
DA:78,1
DA:80,2
DA:81,1
DA:86,1
DA:87,2
DA:89,1
DA:95,1
DA:96,19
DA:101,10
DA:104,9
DA:106,2
DA:109,7
DA:110,14
DA:111,2
DA:115,5
LF:62
LH:62
BRDA:25,0,0,2
BRDA:25,0,1,2
BRDA:35,1,0,1
BRDA:35,1,1,4
BRDA:43,2,0,1
BRDA:43,2,1,3
BRDA:96,3,0,10
BRDA:96,3,1,9
BRDA:96,4,0,19
BRDA:96,4,1,19
BRDA:96,4,2,19
BRDA:96,4,3,19
BRDA:96,4,4,15
BRDA:104,5,0,2
BRDA:104,5,1,7
BRDA:104,6,0,9
BRDA:104,6,1,3
BRDA:110,7,0,2
BRDA:110,7,1,12
BRF:19
BRH:19
end_of_record
TN:
SF:/Users/n22917/workspace/KUR/doublecache-as-promised/src/utils/cache-helpers.js
FN:8,(anonymous_0)
FN:19,(anonymous_1)
FN:24,(anonymous_2)
FN:54,(anonymous_3)
FN:58,(anonymous_4)
FN:66,(anonymous_5)
FN:75,(anonymous_6)
FNF:7
FNH:7
FNDA:17,(anonymous_0)
FNDA:25,(anonymous_1)
FNDA:40,(anonymous_2)
FNDA:2,(anonymous_3)
FNDA:63,(anonymous_4)
FNDA:13,(anonymous_5)
FNDA:21,(anonymous_6)
DA:4,1
DA:5,1
DA:6,1
DA:8,1
DA:9,17
DA:19,1
DA:20,25
DA:21,25
DA:24,1
DA:25,40
DA:26,40
DA:27,11
DA:29,29
DA:54,1
DA:55,2
DA:58,1
DA:59,63
DA:66,1
DA:67,13
DA:68,13
DA:75,1
DA:76,21
LF:22
LH:22
BRDA:20,0,0,25
BRDA:20,0,1,25
BRDA:25,1,0,40
BRDA:25,1,1,40
BRDA:26,2,0,11
BRDA:26,2,1,29
BRDA:54,3,0,0
BRDA:67,4,0,13
BRDA:67,4,1,11
BRF:9
BRH:8
end_of_record
TN:
SF:/Users/n22917/workspace/KUR/doublecache-as-promised/src/utils/debug.js
FN:9,(anonymous_1)
FN:27,(anonymous_2)
FN:30,(anonymous_3)
FN:31,(anonymous_4)
FN:37,(anonymous_5)
FN:50,(anonymous_6)
FNF:6
FNH:6
FNDA:7,(anonymous_1)
FNDA:4,(anonymous_2)
FNDA:25,(anonymous_3)
FNDA:17,(anonymous_4)
FNDA:4,(anonymous_5)
FNDA:6,(anonymous_6)
DA:4,1
DA:9,1
DA:10,7
DA:11,7
DA:12,7
DA:27,1
DA:28,4
DA:29,4
DA:30,25
DA:32,17
DA:34,4
DA:37,1
DA:44,4
DA:45,4
DA:49,4
DA:50,4
DA:51,6
DA:52,1
DA:54,5
DA:55,5
DA:56,4
DA:58,1
DA:61,4
LF:23
LH:23
BRDA:11,0,0,3
BRDA:11,0,1,4
BRDA:17,1,0,1
BRDA:17,1,1,6
BRDA:24,2,0,2
BRDA:24,2,1,5
BRDA:40,3,0,3
BRDA:51,4,0,1
BRDA:51,4,1,5
BRDA:55,5,0,4
BRDA:55,5,1,1
BRF:11
BRH:11
end_of_record
TN:
SF:/Users/n22917/workspace/KUR/doublecache-as-promised/src/utils/log-helper.js
FNF:0
FNH:0
DA:1,1
DA:3,1
LF:2
LH:2
BRF:0
BRH:0
end_of_record
TN:
SF:/Users/n22917/workspace/KUR/doublecache-as-promised/src/utils/mock-redis-factory.js
FN:1,(anonymous_0)
FN:3,(anonymous_1)
FN:10,(anonymous_2)
FN:13,(anonymous_3)
FN:14,(anonymous_4)
FN:16,(anonymous_5)
FN:17,(anonymous_6)
FN:24,(anonymous_7)
FN:26,(anonymous_8)
FNF:9
FNH:9
FNDA:21,(anonymous_0)
FNDA:27,(anonymous_1)
FNDA:4,(anonymous_2)
FNDA:1,(anonymous_3)
FNDA:1,(anonymous_4)
FNDA:4,(anonymous_5)
FNDA:4,(anonymous_6)
FNDA:2,(anonymous_7)
FNDA:6,(anonymous_8)
DA:1,1
DA:3,21
DA:4,27
DA:5,27
DA:6,27
DA:7,6
DA:9,21
DA:11,4
DA:14,1
DA:17,4
DA:18,4
DA:19,4
DA:21,4
DA:25,2
DA:27,6
DA:28,6
DA:30,6
DA:36,21
LF:18
LH:18
BRDA:1,0,0,6
BRDA:1,1,0,19
BRDA:1,2,0,19
BRDA:6,3,0,6
BRDA:6,3,1,21
BRDA:14,4,0,1
BRDA:14,4,1,0
BRDA:18,5,0,4
BRDA:18,5,1,0
BRDA:27,6,0,6
BRDA:27,6,1,0
BRF:11
BRH:8
end_of_record
