TN:
SF:/Users/n22917/workspace/KUR/doublecache-as-promised/src/index.js
FN:70,(anonymous_3)
FN:71,(anonymous_4)
FN:75,(anonymous_5)
FN:76,(anonymous_6)
FN:76,(anonymous_7)
FN:86,(anonymous_8)
FN:101,(anonymous_9)
FN:103,(anonymous_10)
FN:109,(anonymous_11)
FN:115,(anonymous_12)
FN:133,(anonymous_13)
FN:134,(anonymous_14)
FN:170,(anonymous_15)
FN:172,(anonymous_16)
FN:190,(anonymous_17)
FN:211,(anonymous_18)
FN:212,(anonymous_19)
FN:215,(anonymous_20)
FN:216,(anonymous_21)
FN:224,(anonymous_22)
FN:235,(anonymous_23)
FN:239,(anonymous_24)
FN:257,(anonymous_25)
FN:259,(anonymous_26)
FN:263,(anonymous_27)
FN:267,(anonymous_28)
FNF:26
FNH:24
FNDA:26,(anonymous_3)
FNDA:0,(anonymous_4)
FNDA:3,(anonymous_5)
FNDA:2,(anonymous_6)
FNDA:2,(anonymous_7)
FNDA:42,(anonymous_8)
FNDA:18,(anonymous_9)
FNDA:8,(anonymous_10)
FNDA:9,(anonymous_11)
FNDA:8,(anonymous_12)
FNDA:27,(anonymous_13)
FNDA:27,(anonymous_14)
FNDA:9,(anonymous_15)
FNDA:9,(anonymous_16)
FNDA:27,(anonymous_17)
FNDA:4,(anonymous_18)
FNDA:5,(anonymous_19)
FNDA:11,(anonymous_20)
FNDA:7,(anonymous_21)
FNDA:0,(anonymous_22)
FNDA:25,(anonymous_23)
FNDA:31,(anonymous_24)
FNDA:6,(anonymous_25)
FNDA:18,(anonymous_26)
FNDA:5,(anonymous_27)
FNDA:3,(anonymous_28)
DA:5,1
DA:6,1
DA:15,1
DA:18,1
DA:21,1
DA:22,1
DA:24,1
DA:25,1
DA:27,1
DA:28,1
DA:29,1
DA:31,1
DA:33,1
DA:34,1
DA:35,1
DA:62,25
DA:64,25
DA:65,25
DA:66,25
DA:67,25
DA:71,26
DA:75,25
DA:76,25
DA:86,25
DA:87,42
DA:101,25
DA:102,18
DA:103,17
DA:105,8
DA:106,8
DA:107,8
DA:109,17
DA:111,9
DA:112,9
DA:113,9
DA:115,17
DA:116,8
DA:118,17
DA:119,17
DA:133,25
DA:134,27
DA:135,27
DA:136,27
DA:138,1
DA:139,1
DA:140,26
DA:142,7
DA:143,5
DA:144,2
DA:145,2
DA:147,3
DA:148,3
DA:150,2
DA:151,2
DA:152,19
DA:154,0
DA:155,0
DA:157,19
DA:158,19
DA:159,19
DA:160,18
DA:161,18
DA:168,17
DA:170,18
DA:171,9
DA:174,9
DA:190,25
DA:195,27
DA:196,27
DA:211,25
DA:212,4
DA:213,5
DA:214,5
DA:215,11
DA:217,7
DA:218,7
DA:219,7
DA:224,25
DA:225,0
DA:235,25
DA:236,25
DA:239,25
DA:240,31
DA:255,25
DA:257,25
DA:258,6
DA:259,6
DA:261,18
DA:263,18
DA:265,5
DA:269,3
DA:276,25
LF:92
LH:89
BRDA:58,0,0,10
BRDA:59,1,0,6
BRDA:60,2,0,24
BRDA:61,3,0,25
BRDA:76,4,0,2
BRDA:76,4,1,2
BRDA:86,5,0,27
BRDA:136,6,0,1
BRDA:136,6,1,26
BRDA:138,7,0,0
BRDA:138,7,1,1
BRDA:140,8,0,7
BRDA:140,8,1,19
BRDA:142,9,0,5
BRDA:142,9,1,2
BRDA:143,10,0,2
BRDA:143,10,1,3
BRDA:152,11,0,0
BRDA:152,11,1,19
BRDA:152,12,0,19
BRDA:152,12,1,6
BRDA:159,13,0,18
BRDA:159,13,1,1
BRDA:174,14,0,6
BRDA:174,14,1,3
BRDA:190,15,0,1
BRDA:192,16,0,26
BRDA:193,17,0,22
BRDA:194,18,0,15
BRDA:224,19,0,0
BRF:30
BRH:27
end_of_record
TN:
SF:/Users/n22917/workspace/KUR/doublecache-as-promised/src/dist-expire/index.js
FN:29,(anonymous_4)
FN:47,(anonymous_5)
FN:48,(anonymous_6)
FN:62,(anonymous_7)
FN:73,(anonymous_8)
FNF:5
FNH:3
FNDA:1,(anonymous_4)
FNDA:3,(anonymous_5)
FNDA:0,(anonymous_6)
FNDA:1,(anonymous_7)
FNDA:0,(anonymous_8)
DA:4,1
DA:6,1
DA:20,3
DA:21,3
DA:29,3
DA:30,1
DA:31,1
DA:32,1
DA:33,1
DA:34,1
DA:37,0
DA:47,3
DA:48,3
DA:49,0
DA:50,0
DA:52,0
DA:54,3
DA:62,3
DA:63,1
DA:69,1
DA:70,1
DA:73,3
DA:74,0
DA:77,3
DA:79,3
LF:25
LH:20
BRDA:32,0,0,1
BRDA:32,0,1,0
BRDA:49,1,0,0
BRDA:49,1,1,0
BRF:4
BRH:1
end_of_record
TN:
SF:/Users/n22917/workspace/KUR/doublecache-as-promised/src/persistence/index.js
FN:36,(anonymous_4)
FN:38,(anonymous_5)
FN:46,(anonymous_6)
FN:60,(anonymous_7)
FN:62,(anonymous_8)
FN:64,(anonymous_9)
FN:65,(anonymous_10)
FN:74,(anonymous_11)
FN:78,(anonymous_12)
FN:79,(anonymous_13)
FN:81,(anonymous_14)
FN:88,(anonymous_15)
FNF:12
FNH:6
FNDA:2,(anonymous_4)
FNDA:2,(anonymous_5)
FNDA:0,(anonymous_6)
FNDA:2,(anonymous_7)
FNDA:2,(anonymous_8)
FNDA:2,(anonymous_9)
FNDA:0,(anonymous_10)
FNDA:0,(anonymous_11)
FNDA:0,(anonymous_12)
FNDA:0,(anonymous_13)
FNDA:0,(anonymous_14)
FNDA:2,(anonymous_15)
DA:4,1
DA:11,1
DA:13,1
DA:32,3
DA:33,3
DA:34,3
DA:36,3
DA:37,2
DA:38,2
DA:39,2
DA:40,2
DA:41,2
DA:42,1
DA:43,1
DA:44,1
DA:45,1
DA:46,1
DA:47,0
DA:48,0
DA:50,0
DA:53,1
DA:56,2
DA:60,3
DA:61,2
DA:62,2
DA:63,2
DA:65,2
DA:66,0
DA:67,0
DA:69,2
DA:74,3
DA:75,0
DA:78,3
DA:79,0
DA:80,0
DA:82,0
DA:86,3
DA:88,3
DA:89,2
DA:92,3
DA:93,2
DA:96,3
LF:42
LH:33
BRDA:30,0,0,0
BRDA:26,1,0,1
BRDA:27,2,0,1
BRDA:28,3,0,1
BRDA:29,4,0,2
BRDA:40,5,0,2
BRDA:40,5,1,0
BRDA:41,6,0,1
BRDA:41,6,1,1
BRDA:41,7,0,2
BRDA:41,7,1,2
BRDA:41,7,2,1
BRDA:41,7,3,1
BRDA:47,8,0,0
BRDA:47,8,1,0
BRDA:92,9,0,2
BRDA:92,9,1,1
BRF:17
BRH:13
end_of_record
TN:
SF:/Users/n22917/workspace/KUR/doublecache-as-promised/src/persistence/persistence-helpers.js
FN:14,(anonymous_1)
FN:18,(anonymous_2)
FN:22,(anonymous_3)
FN:23,(anonymous_4)
FN:24,(anonymous_5)
FN:34,(anonymous_6)
FN:41,(anonymous_7)
FN:42,(anonymous_8)
FN:48,(anonymous_9)
FN:59,(anonymous_10)
FN:60,(anonymous_11)
FN:67,(anonymous_12)
FN:69,(anonymous_13)
FN:74,(anonymous_14)
FN:77,(anonymous_15)
FN:80,(anonymous_16)
FN:86,(anonymous_17)
FN:88,(anonymous_18)
FN:95,(anonymous_19)
FNF:19
FNH:18
FNDA:1,(anonymous_1)
FNDA:2,(anonymous_2)
FNDA:2,(anonymous_3)
FNDA:2,(anonymous_4)
FNDA:2,(anonymous_5)
FNDA:3,(anonymous_6)
FNDA:3,(anonymous_7)
FNDA:3,(anonymous_8)
FNDA:4,(anonymous_9)
FNDA:3,(anonymous_10)
FNDA:3,(anonymous_11)
FNDA:1,(anonymous_12)
FNDA:1,(anonymous_13)
FNDA:1,(anonymous_14)
FNDA:1,(anonymous_15)
FNDA:0,(anonymous_16)
FNDA:1,(anonymous_17)
FNDA:1,(anonymous_18)
FNDA:16,(anonymous_19)
DA:4,1
DA:5,1
DA:6,1
DA:7,1
DA:8,1
DA:9,1
DA:10,1
DA:12,1
DA:14,1
DA:15,1
DA:18,1
DA:19,2
DA:22,1
DA:23,2
DA:24,2
DA:25,2
DA:26,1
DA:27,1
DA:29,1
DA:34,1
DA:35,3
DA:36,0
DA:38,3
DA:39,3
DA:40,3
DA:41,3
DA:42,3
DA:43,3
DA:44,1
DA:45,1
DA:46,1
DA:48,2
DA:49,4
DA:50,4
DA:52,0
DA:54,4
DA:59,3
DA:60,3
DA:61,3
DA:62,3
DA:67,1
DA:68,1
DA:69,1
DA:70,1
DA:74,1
DA:75,1
DA:77,1
DA:78,1
DA:80,1
DA:81,0
DA:86,1
DA:87,1
DA:89,1
DA:95,1
DA:96,16
DA:101,8
DA:104,8
DA:106,2
DA:109,6
DA:110,12
DA:111,2
DA:115,4
LF:62
LH:59
BRDA:25,0,0,1
BRDA:25,0,1,1
BRDA:35,1,0,0
BRDA:35,1,1,3
BRDA:43,2,0,1
BRDA:43,2,1,2
BRDA:96,3,0,8
BRDA:96,3,1,8
BRDA:96,4,0,16
BRDA:96,4,1,16
BRDA:96,4,2,16
BRDA:96,4,3,16
BRDA:96,4,4,12
BRDA:104,5,0,2
BRDA:104,5,1,6
BRDA:104,6,0,8
BRDA:104,6,1,3
BRDA:110,7,0,2
BRDA:110,7,1,10
BRF:19
BRH:18
end_of_record
TN:
SF:/Users/n22917/workspace/KUR/doublecache-as-promised/src/utils/cache-helpers.js
FN:8,(anonymous_0)
FN:19,(anonymous_1)
FN:35,(anonymous_2)
FN:39,(anonymous_3)
FN:43,(anonymous_4)
FN:51,(anonymous_5)
FN:59,(anonymous_6)
FN:65,(anonymous_7)
FN:77,(anonymous_8)
FNF:9
FNH:9
FNDA:15,(anonymous_0)
FNDA:33,(anonymous_1)
FNDA:9,(anonymous_2)
FNDA:2,(anonymous_3)
FNDA:46,(anonymous_4)
FNDA:10,(anonymous_5)
FNDA:20,(anonymous_6)
FNDA:4,(anonymous_7)
FNDA:4,(anonymous_8)
DA:4,1
DA:5,1
DA:6,1
DA:8,1
DA:9,15
DA:19,1
DA:20,33
DA:22,33
DA:23,33
DA:24,9
DA:26,33
DA:27,5
DA:29,28
DA:30,21
DA:32,7
DA:35,1
DA:36,9
DA:39,1
DA:40,2
DA:43,1
DA:44,46
DA:51,1
DA:52,10
DA:53,10
DA:59,1
DA:60,20
DA:65,1
DA:66,4
DA:67,4
DA:68,4
DA:77,1
DA:78,4
DA:79,3
DA:83,1
LF:34
LH:34
BRDA:20,0,0,33
BRDA:20,0,1,29
BRDA:23,1,0,9
BRDA:23,1,1,24
BRDA:26,2,0,5
BRDA:26,2,1,28
BRDA:29,3,0,21
BRDA:29,3,1,7
BRDA:36,4,0,3
BRDA:36,4,1,6
BRDA:39,5,0,0
BRDA:52,6,0,10
BRDA:52,6,1,9
BRDA:67,7,0,3
BRDA:67,7,1,1
BRDA:73,8,0,1
BRDA:73,8,1,3
BRDA:74,9,0,2
BRDA:74,9,1,2
BRDA:78,10,0,3
BRDA:78,10,1,1
BRF:21
BRH:20
end_of_record
TN:
SF:/Users/n22917/workspace/KUR/doublecache-as-promised/src/utils/debug.js
FN:11,(anonymous_1)
FN:14,(anonymous_2)
FN:15,(anonymous_3)
FN:21,(anonymous_4)
FN:34,(anonymous_5)
FNF:5
FNH:5
FNDA:1,(anonymous_1)
FNDA:5,(anonymous_2)
FNDA:3,(anonymous_3)
FNDA:1,(anonymous_4)
FNDA:3,(anonymous_5)
DA:4,1
DA:11,1
DA:12,1
DA:13,1
DA:14,5
DA:16,3
DA:18,1
DA:21,1
DA:28,1
DA:29,1
DA:33,1
DA:34,1
DA:35,3
DA:36,1
DA:38,2
DA:39,2
DA:40,1
DA:42,1
DA:45,1
LF:19
LH:19
BRDA:24,0,0,0
BRDA:35,1,0,1
BRDA:35,1,1,2
BRDA:39,2,0,1
BRDA:39,2,1,1
BRF:5
BRH:4
end_of_record
TN:
SF:/Users/n22917/workspace/KUR/doublecache-as-promised/src/utils/log-helper.js
FNF:0
FNH:0
DA:1,1
LF:1
LH:1
BRF:0
BRH:0
end_of_record
TN:
SF:/Users/n22917/workspace/KUR/doublecache-as-promised/src/utils/mock-redis-factory.js
FN:1,(anonymous_0)
FN:3,(anonymous_1)
FN:10,(anonymous_2)
FN:13,(anonymous_3)
FN:14,(anonymous_4)
FN:16,(anonymous_5)
FN:17,(anonymous_6)
FNF:7
FNH:7
FNDA:11,(anonymous_0)
FNDA:14,(anonymous_1)
FNDA:3,(anonymous_2)
FNDA:1,(anonymous_3)
FNDA:1,(anonymous_4)
FNDA:3,(anonymous_5)
FNDA:3,(anonymous_6)
DA:1,1
DA:3,11
DA:4,14
DA:5,14
DA:6,14
DA:7,3
DA:9,11
DA:11,3
DA:14,1
DA:17,3
DA:18,3
DA:19,3
DA:21,3
DA:25,11
LF:14
LH:14
BRDA:1,0,0,4
BRDA:6,1,0,3
BRDA:6,1,1,11
BRDA:14,2,0,1
BRDA:14,2,1,0
BRDA:18,3,0,3
BRDA:18,3,1,0
BRF:7
BRH:5
end_of_record
